proguard/mapping.txt
com.example.h3.permission.rom.RomUtils -> com.example.h3.b.a.e:
    29:35:double getEmuiVersion() -> a
    57:75:java.lang.String getSystemProperty(java.lang.String) -> a
    78:78:boolean checkIsHuaweiRom() -> b
    85:85:boolean checkIsMiuiRom() -> c
    90:96:boolean checkIsMeizuRom() -> d
    102:103:boolean checkIs360Rom() -> e
download.DownloadService -> download.DownloadService:
    java.lang.String TAG -> h
    download.ftp mFtp -> i
    java.util.Map mAccs -> a
    java.util.Map mCmds -> b
    download.DownloadService$OrderThread orderThread -> c
    android.os.Handler handlerOrderThread -> j
    download.DownloadService current -> d
    android.os.PowerManager$WakeLock wakeLock -> e
    android.os.Handler mHandler -> k
    android.content.BroadcastReceiver downloadFileReceiver -> l
    android.os.Handler handlerStartService -> f
    java.lang.Runnable runnableStartService -> g
    55:59:void <clinit>() -> <clinit>
    46:129:void <init>() -> <init>
    63:81:void onCreate() -> onCreate
    143:147:void startAlarm() -> a
    150:150:android.os.IBinder onBind(android.content.Intent) -> onBind
    154:161:void onDestroy() -> onDestroy
    164:165:boolean stopService(android.content.Intent) -> stopService
    169:172:int onStartCommand(android.content.Intent,int,int) -> onStartCommand
    177:186:void acquireWakeLock() -> b
    190:195:void releaseWakeLock() -> c
    201:209:void sendMSG(int,java.lang.String) -> a
    213:303:void parser(java.lang.String) -> a
    310:325:void InstallNewFile(java.lang.String) -> b
    355:386:boolean AutoInstall(java.lang.String,int,boolean) -> a
    397:401:void deletefile(java.lang.String) -> c
    445:460:void SendInfo(android.content.Context) -> a
    487:503:void SendInfo(android.content.Context,java.lang.String,java.lang.String) -> a
download.DownloadService$1 -> download.a:
    download.DownloadService this$0 -> a
    1:82:void <init>(download.DownloadService) -> <init>
    85:91:void handleMessage(android.os.Message) -> handleMessage
download.DownloadService$2 -> download.b:
    download.DownloadService this$0 -> a
    1:93:void <init>(download.DownloadService) -> <init>
    96:123:void onReceive(android.content.Context,android.content.Intent) -> onReceive
download.DownloadService$3 -> download.c:
    download.DownloadService this$0 -> a
    1:129:void <init>(download.DownloadService) -> <init>
    133:136:void run() -> run
download.DownloadService$OrderThread -> download.d:
    java.lang.String xmlFile -> c
    android.os.Looper mOrderLooper -> a
    download.DownloadService this$0 -> b
    406:408:void <init>(download.DownloadService) -> <init>
    412:439:void run() -> run
    404:404:void access$0(download.DownloadService$OrderThread,java.lang.String) -> a
    404:404:java.lang.String access$1(download.DownloadService$OrderThread) -> a
    403:403:download.DownloadService access$2(download.DownloadService$OrderThread) -> b
download.DownloadService$OrderThread$1 -> download.e:
    download.DownloadService$OrderThread this$1 -> a
    1:414:void <init>(download.DownloadService$OrderThread) -> <init>
    417:435:void handleMessage(android.os.Message) -> handleMessage