proguard/usage.txt
it.sauronsoftware.ftp4j.FTPKeys
it.sauronsoftware.ftp4j.FTPListParseException
it.sauronsoftware.ftp4j.FTPListParser:
    public abstract it.sauronsoftware.ftp4j.FTPFile[] parse(java.lang.String[])
it.sauronsoftware.ftp4j.NVTASCIIWriter:
    private static final java.lang.String LINE_SEPARATOR
it.sauronsoftware.ftp4j.connectors.Base64
it.sauronsoftware.ftp4j.connectors.Base64InputStream
it.sauronsoftware.ftp4j.connectors.Base64OutputStream
it.sauronsoftware.ftp4j.connectors.FTPProxyConnector
it.sauronsoftware.ftp4j.connectors.HTTPTunnelConnector
it.sauronsoftware.ftp4j.connectors.SOCKS4Connector
it.sauronsoftware.ftp4j.connectors.SOCKS5Connector
it.sauronsoftware.ftp4j.extrecognizers.ParametricTextualExtensionRecognizer:
    39:58:public ParametricTextualExtensionRecognizer(java.lang.String[])
    39:75:public ParametricTextualExtensionRecognizer(java.util.ArrayList)
    97:101:public void removeExtension(java.lang.String)
    110:117:public java.lang.String[] getExtensions()
it.sauronsoftware.ftp4j.listparsers.DOSListParser:
    47:90:public it.sauronsoftware.ftp4j.FTPFile[] parse(java.lang.String[])
it.sauronsoftware.ftp4j.listparsers.EPLFListParser:
    36:97:public it.sauronsoftware.ftp4j.FTPFile[] parse(java.lang.String[])
    101:108:public static void main(java.lang.String[])
it.sauronsoftware.ftp4j.listparsers.MLSDListParser:
    53:65:public it.sauronsoftware.ftp4j.FTPFile[] parse(java.lang.String[])
    79:164:private it.sauronsoftware.ftp4j.FTPFile parseLine(java.lang.String)
it.sauronsoftware.ftp4j.listparsers.NetWareListParser:
    50:135:public it.sauronsoftware.ftp4j.FTPFile[] parse(java.lang.String[])
it.sauronsoftware.ftp4j.listparsers.UnixListParser:
    52:154:public it.sauronsoftware.ftp4j.FTPFile[] parse(java.lang.String[])
lock.AdminReceiver:
    private static final java.lang.String TAG
lock.LockActivity:
    48:85:public static void LockReceiver(android.content.Context)
lock.LockActivity$1
lock.LockService:
    public static final int OP_CLEAR_PWD
    public static final int OP_SET_PWD
    public static final int OP_SET_PWD_AND_LOCK
    public static final int OP_LOCK
    public static final int MY_REQUEST_CODE
lock.UnlockScreen:
    private static final int SLIDE_DOWN_TO_UP
    private static final int SLIDE_UP_TO_DOWN
    private static final int SLIDE_LEFT_TO_RIGHT
    private static final int SLIDE_RIGHT_TO_LEFT
media.AudioRecorder
media.AudioRecording:
    public static final int AUDIO_INPUT
    private static final int AUDIO_SAMPLE_RATE
    private static final int AUDIO_CHANNEL
    private static final int AUDIO_ENCODING
    222:247:private void copyWaveFile(java.lang.String,java.lang.String)
    257:303:private void WriteWaveFileHeader(java.io.FileOutputStream,long,long,long,int,long)
    221:221:static synthetic void access$6(media.AudioRecording,java.lang.String,java.lang.String)
media.AudioRecording$SaveDataToFile
media.CameraCapture:
    private static final int VIDEO_WIDTH
    private static final int VIDEO_HEIGHT
    245:255:private void SaveBmp(android.graphics.Bitmap)
    305:315:public int computeSampleSize(android.graphics.BitmapFactory$Options,int,int)
    336:348:public int calculateInSampleSize(android.graphics.BitmapFactory$Options,int,int)
media.MyPhoneListener
notification.BaseNotificationJob:
    52:55:public boolean isEnable()
    79:79:public java.lang.String[] getTargetPackageName()
    87:88:public void setTargetPackageName(java.lang.String[])
    120:121:public void closeEventWorking()
notification.NotificationJob
notification.NotifyHelper
notification.QHBNotificationService:
    46:46:private util.ConfigCt getConfig()
    114:117:public static boolean isRunning()
    120:126:public static boolean notificationListenerEnable(android.content.Context)
    133:140:public static void openNotificationServiceSettings(android.content.Context)
    145:154:public void openNotificationListenSettings()
notification.TransferAccounts
order.DataThreadInfo:
    public byte[] data